<?xml version="1.0" encoding="utf-8"?><testsuites><testsuite errors="0" failures="0" hostname="SANJOG-PC" name="pytest" skipped="0" tests="3" time="32.469" timestamp="2020-09-14T20:00:14.361678"><testcase classname="test_HomePage.TestHomePage" file="test_HomePage.py" line="8" name="test_FormSubmission[getData0]" time="12.636"></testcase><testcase classname="test_HomePage.TestHomePage" file="test_HomePage.py" line="8" name="test_FormSubmission[getData1]" time="1.111"></testcase><testcase classname="test_e2e.Teste2e" file="test_e2e.py" line="14" name="test_e2e" time="18.403"></testcase></testsuite></testsuites>